00:52:00.718 [main] INFO  c.b.cpfbackend.CpfBackendApplication - Starting CpfBackendApplication using Java 17.0.8.1 with PID 17820 (C:\ProjetosBruce\cpf-backend\target\classes started by bruce in C:\ProjetosBruce\cpf-backend)
00:52:00.721 [main] INFO  c.b.cpfbackend.CpfBackendApplication - No active profile set, falling back to 1 default profile: "default"
00:52:00.771 [main] INFO  o.s.b.d.c.l.DockerComposeLifecycleManager - Using Docker Compose file 'C:\ProjetosBruce\cpf-backend\compose.yaml'
00:52:02.037 [main] INFO  o.s.b.d.c.l.DockerComposeLifecycleManager - There are already Docker Compose services running, skipping startup
00:52:03.127 [main] INFO  o.s.d.r.c.RepositoryConfigurationDelegate - Bootstrapping Spring Data JPA repositories in DEFAULT mode.
00:52:03.173 [main] INFO  o.s.d.r.c.RepositoryConfigurationDelegate - Finished Spring Data repository scanning in 40 ms. Found 2 JPA repository interfaces.
00:52:03.657 [main] INFO  o.s.b.w.e.tomcat.TomcatWebServer - Tomcat initialized with port 8080 (http)
00:52:03.664 [main] INFO  o.a.coyote.http11.Http11NioProtocol - Initializing ProtocolHandler ["http-nio-8080"]
00:52:03.666 [main] INFO  o.a.catalina.core.StandardService - Starting service [Tomcat]
00:52:03.666 [main] INFO  o.a.catalina.core.StandardEngine - Starting Servlet engine: [Apache Tomcat/10.1.20]
00:52:03.727 [main] INFO  o.a.c.c.C.[Tomcat].[localhost].[/] - Initializing Spring embedded WebApplicationContext
00:52:03.728 [main] INFO  o.s.b.w.s.c.ServletWebServerApplicationContext - Root WebApplicationContext: initialization completed in 1053 ms
00:52:03.985 [main] INFO  o.f.c.i.license.VersionPrinter - Flyway Community Edition 9.22.3 by Redgate
00:52:03.985 [main] INFO  o.f.c.i.license.VersionPrinter - See release notes here: https://rd.gt/416ObMi
00:52:03.985 [main] INFO  o.f.c.i.license.VersionPrinter - 
00:52:04.022 [main] INFO  org.flywaydb.core.FlywayExecutor - Database: jdbc:postgresql://127.0.0.1:5432/cpf-db (PostgreSQL 16.2)
00:52:04.029 [main] WARN  o.f.c.i.database.base.Database - Flyway upgrade recommended: PostgreSQL 16.2 is newer than this version of Flyway and support has not been tested. The latest supported version of PostgreSQL is 15.
00:52:04.054 [main] INFO  o.f.core.internal.command.DbValidate - Successfully validated 1 migration (execution time 00:00.017s)
00:52:04.076 [main] INFO  o.f.core.internal.command.DbMigrate - Current version of schema "public": 20240428011220330
00:52:04.079 [main] INFO  o.f.core.internal.command.DbMigrate - Schema "public" is up to date. No migration necessary.
00:52:04.126 [main] INFO  com.zaxxer.hikari.HikariDataSource - HikariPool-1 - Starting...
00:52:04.146 [main] INFO  com.zaxxer.hikari.pool.HikariPool - HikariPool-1 - Added connection org.postgresql.jdbc.PgConnection@919086
00:52:04.147 [main] INFO  com.zaxxer.hikari.HikariDataSource - HikariPool-1 - Start completed.
00:52:04.179 [main] INFO  o.h.jpa.internal.util.LogHelper - HHH000204: Processing PersistenceUnitInfo [name: default]
00:52:04.226 [main] INFO  org.hibernate.Version - HHH000412: Hibernate ORM core version 6.4.4.Final
00:52:04.253 [main] INFO  o.h.c.i.RegionFactoryInitiator - HHH000026: Second-level cache disabled
00:52:04.452 [main] INFO  o.s.o.j.p.SpringPersistenceUnitInfo - No LoadTimeWeaver setup: ignoring JPA class transformer
00:52:05.153 [main] INFO  o.h.e.t.j.p.i.JtaPlatformInitiator - HHH000489: No JTA platform available (set 'hibernate.transaction.jta.platform' to enable JTA platform integration)
00:52:05.155 [main] INFO  o.s.o.j.LocalContainerEntityManagerFactoryBean - Initialized JPA EntityManagerFactory for persistence unit 'default'
00:52:05.403 [main] WARN  o.s.b.a.o.j.JpaBaseConfiguration$JpaWebConfiguration - spring.jpa.open-in-view is enabled by default. Therefore, database queries may be performed during view rendering. Explicitly configure spring.jpa.open-in-view to disable this warning
00:52:05.868 [main] INFO  o.a.coyote.http11.Http11NioProtocol - Starting ProtocolHandler ["http-nio-8080"]
00:52:05.885 [main] INFO  o.s.b.w.e.tomcat.TomcatWebServer - Tomcat started on port 8080 (http) with context path ''
00:52:05.888 [main] INFO  o.s.a.r.c.CachingConnectionFactory - Attempting to connect to: [127.0.0.1:5672]
00:52:05.968 [main] INFO  o.s.a.r.c.CachingConnectionFactory - Created new connection: rabbitConnectionFactory#7bb4f09d:0/SimpleConnection@112f8f8f [delegate=amqp://guest@127.0.0.1:5672/, localPort=62706]
00:52:06.007 [main] INFO  c.b.cpfbackend.CpfBackendApplication - Started CpfBackendApplication in 5.562 seconds (process running for 6.105)
00:52:42.079 [org.springframework.amqp.rabbit.RabbitListenerEndpointContainer#0-2] INFO  o.s.a.r.l.SimpleMessageListenerContainer - Waiting for workers to finish.
00:52:45.513 [main] INFO  c.b.cpfbackend.CpfBackendApplication - Starting CpfBackendApplication using Java 17.0.8.1 with PID 19616 (C:\ProjetosBruce\cpf-backend\target\classes started by bruce in C:\ProjetosBruce\cpf-backend)
00:52:45.516 [main] INFO  c.b.cpfbackend.CpfBackendApplication - No active profile set, falling back to 1 default profile: "default"
00:52:45.564 [main] INFO  o.s.b.d.c.l.DockerComposeLifecycleManager - Using Docker Compose file 'C:\ProjetosBruce\cpf-backend\compose.yaml'
00:52:46.824 [main] INFO  o.s.b.d.c.l.DockerComposeLifecycleManager - There are already Docker Compose services running, skipping startup
00:52:47.899 [main] INFO  o.s.d.r.c.RepositoryConfigurationDelegate - Bootstrapping Spring Data JPA repositories in DEFAULT mode.
00:52:47.950 [main] INFO  o.s.d.r.c.RepositoryConfigurationDelegate - Finished Spring Data repository scanning in 44 ms. Found 2 JPA repository interfaces.
00:53:06.788 [main] INFO  c.b.cpfbackend.CpfBackendApplication - Starting CpfBackendApplication using Java 17.0.8.1 with PID 5644 (C:\ProjetosBruce\cpf-backend\target\classes started by bruce in C:\ProjetosBruce\cpf-backend)
00:53:06.791 [main] INFO  c.b.cpfbackend.CpfBackendApplication - No active profile set, falling back to 1 default profile: "default"
00:53:06.844 [main] INFO  o.s.b.d.c.l.DockerComposeLifecycleManager - Using Docker Compose file 'C:\ProjetosBruce\cpf-backend\compose.yaml'
00:53:08.103 [main] INFO  o.s.b.d.c.l.DockerComposeLifecycleManager - There are already Docker Compose services running, skipping startup
00:53:09.159 [main] INFO  o.s.d.r.c.RepositoryConfigurationDelegate - Bootstrapping Spring Data JPA repositories in DEFAULT mode.
00:53:09.205 [main] INFO  o.s.d.r.c.RepositoryConfigurationDelegate - Finished Spring Data repository scanning in 39 ms. Found 2 JPA repository interfaces.
00:53:09.673 [main] INFO  o.s.b.w.e.tomcat.TomcatWebServer - Tomcat initialized with port 8080 (http)
00:53:09.680 [main] INFO  o.a.coyote.http11.Http11NioProtocol - Initializing ProtocolHandler ["http-nio-8080"]
00:53:09.682 [main] INFO  o.a.catalina.core.StandardService - Starting service [Tomcat]
00:53:09.682 [main] INFO  o.a.catalina.core.StandardEngine - Starting Servlet engine: [Apache Tomcat/10.1.20]
00:53:09.739 [main] INFO  o.a.c.c.C.[Tomcat].[localhost].[/] - Initializing Spring embedded WebApplicationContext
00:53:09.740 [main] INFO  o.s.b.w.s.c.ServletWebServerApplicationContext - Root WebApplicationContext: initialization completed in 999 ms
00:53:09.995 [main] INFO  o.f.c.i.license.VersionPrinter - Flyway Community Edition 9.22.3 by Redgate
00:53:09.995 [main] INFO  o.f.c.i.license.VersionPrinter - See release notes here: https://rd.gt/416ObMi
00:53:09.995 [main] INFO  o.f.c.i.license.VersionPrinter - 
00:53:10.030 [main] INFO  org.flywaydb.core.FlywayExecutor - Database: jdbc:postgresql://127.0.0.1:5432/cpf-db (PostgreSQL 16.2)
00:53:10.037 [main] WARN  o.f.c.i.database.base.Database - Flyway upgrade recommended: PostgreSQL 16.2 is newer than this version of Flyway and support has not been tested. The latest supported version of PostgreSQL is 15.
00:53:10.061 [main] INFO  o.f.core.internal.command.DbValidate - Successfully validated 1 migration (execution time 00:00.017s)
00:53:10.085 [main] INFO  o.f.core.internal.command.DbMigrate - Current version of schema "public": 20240428011220330
00:53:10.087 [main] INFO  o.f.core.internal.command.DbMigrate - Schema "public" is up to date. No migration necessary.
00:53:10.135 [main] INFO  com.zaxxer.hikari.HikariDataSource - HikariPool-1 - Starting...
00:53:10.155 [main] INFO  com.zaxxer.hikari.pool.HikariPool - HikariPool-1 - Added connection org.postgresql.jdbc.PgConnection@586843bc
00:53:10.157 [main] INFO  com.zaxxer.hikari.HikariDataSource - HikariPool-1 - Start completed.
00:53:10.188 [main] INFO  o.h.jpa.internal.util.LogHelper - HHH000204: Processing PersistenceUnitInfo [name: default]
00:53:10.234 [main] INFO  org.hibernate.Version - HHH000412: Hibernate ORM core version 6.4.4.Final
00:53:10.264 [main] INFO  o.h.c.i.RegionFactoryInitiator - HHH000026: Second-level cache disabled
00:53:10.469 [main] INFO  o.s.o.j.p.SpringPersistenceUnitInfo - No LoadTimeWeaver setup: ignoring JPA class transformer
00:53:11.162 [main] INFO  o.h.e.t.j.p.i.JtaPlatformInitiator - HHH000489: No JTA platform available (set 'hibernate.transaction.jta.platform' to enable JTA platform integration)
00:53:11.164 [main] INFO  o.s.o.j.LocalContainerEntityManagerFactoryBean - Initialized JPA EntityManagerFactory for persistence unit 'default'
00:53:11.374 [main] WARN  o.s.b.a.o.j.JpaBaseConfiguration$JpaWebConfiguration - spring.jpa.open-in-view is enabled by default. Therefore, database queries may be performed during view rendering. Explicitly configure spring.jpa.open-in-view to disable this warning
00:53:11.802 [main] INFO  o.a.coyote.http11.Http11NioProtocol - Starting ProtocolHandler ["http-nio-8080"]
00:53:11.818 [main] INFO  o.s.b.w.e.tomcat.TomcatWebServer - Tomcat started on port 8080 (http) with context path ''
00:53:11.821 [main] INFO  o.s.a.r.c.CachingConnectionFactory - Attempting to connect to: [127.0.0.1:5672]
00:53:11.907 [main] INFO  o.s.a.r.c.CachingConnectionFactory - Created new connection: rabbitConnectionFactory#59ac60d1:0/SimpleConnection@5b5f06bb [delegate=amqp://guest@127.0.0.1:5672/, localPort=62773]
00:53:11.945 [main] INFO  c.b.cpfbackend.CpfBackendApplication - Started CpfBackendApplication in 5.423 seconds (process running for 5.951)
00:53:35.522 [org.springframework.amqp.rabbit.RabbitListenerEndpointContainer#0-2] INFO  o.s.a.r.l.SimpleMessageListenerContainer - Waiting for workers to finish.
